{"type":"server-started","port":62716,"host":"127.0.0.1","url_host":"localhost","url":"http://localhost:62716","screen_dir":"/Users/chrisdennis/Documents/GitHub/Anywise-Website/.superpowers/brainstorm/26047-1774992435/content","state_dir":"/Users/chrisdennis/Documents/GitHub/Anywise-Website/.superpowers/brainstorm/26047-1774992435/state"}
{"type":"screen-added","file":"/Users/chrisdennis/Documents/GitHub/Anywise-Website/.superpowers/brainstorm/26047-1774992435/content/file-structure.html"}
{"type":"screen-updated","file":"/Users/chrisdennis/Documents/GitHub/Anywise-Website/.superpowers/brainstorm/26047-1774992435/content/file-structure.html"}
{"type":"screen-updated","file":"/Users/chrisdennis/Documents/GitHub/Anywise-Website/.superpowers/brainstorm/26047-1774992435/content/file-structure.html"}
{"type":"screen-updated","file":"/Users/chrisdennis/Documents/GitHub/Anywise-Website/.superpowers/brainstorm/26047-1774992435/content/file-structure.html"}
{"type":"screen-added","file":"/Users/chrisdennis/Documents/GitHub/Anywise-Website/.superpowers/brainstorm/26047-1774992435/content/blog-home-layouts.html"}
{"type":"screen-updated","file":"/Users/chrisdennis/Documents/GitHub/Anywise-Website/.superpowers/brainstorm/26047-1774992435/content/blog-home-layouts.html"}
{"type":"screen-updated","file":"/Users/chrisdennis/Documents/GitHub/Anywise-Website/.superpowers/brainstorm/26047-1774992435/content/blog-home-layouts.html"}
{"type":"screen-updated","file":"/Users/chrisdennis/Documents/GitHub/Anywise-Website/.superpowers/brainstorm/26047-1774992435/content/blog-home-layouts.html"}
{"source":"user-event","type":"click","text":"NAV\n        \n          any.news\n          Insights from Anywise\n        \n        \n        \n          \n            \n            \n              Transforming Operational Challenges...\n              15 Feb 2026 · 3 min · Insights\n            \n          \n          \n            \n            \n              The DCSP Must Be a Catalyst...\n              4 Jan 2026 · 4 min · Defence\n            \n          \n          \n            \n            \n              VICWORX Preparing for Lift Off...\n              25 Feb 2025 · 2 min · Industry\n            \n          \n          \n            \n            \n              Strengthening Commitment to Ethical...\n              3 Oct 2024 · 3 min · Culture\n            \n          \n        \n      \n    \n    \n      B — Editorial List\n      Thumbnail + title + meta in a clean vertical list. Dense, scannable — like a newspaper index. Good when post count grows. No featured post distinction.","choice":"b","id":null,"timestamp":1774995270658}
{"type":"screen-added","file":"/Users/chrisdennis/Documents/GitHub/Anywise-Website/.superpowers/brainstorm/26047-1774992435/content/products-home-layouts.html"}
{"type":"screen-updated","file":"/Users/chrisdennis/Documents/GitHub/Anywise-Website/.superpowers/brainstorm/26047-1774992435/content/products-home-layouts.html"}
{"type":"screen-updated","file":"/Users/chrisdennis/Documents/GitHub/Anywise-Website/.superpowers/brainstorm/26047-1774992435/content/products-home-layouts.html"}
{"type":"screen-added","file":"/Users/chrisdennis/Documents/GitHub/Anywise-Website/.superpowers/brainstorm/26047-1774992435/content/product-page-layout.html"}
{"type":"screen-updated","file":"/Users/chrisdennis/Documents/GitHub/Anywise-Website/.superpowers/brainstorm/26047-1774992435/content/product-page-layout.html"}
{"type":"screen-updated","file":"/Users/chrisdennis/Documents/GitHub/Anywise-Website/.superpowers/brainstorm/26047-1774992435/content/product-page-layout.html"}
{"type":"screen-updated","file":"/Users/chrisdennis/Documents/GitHub/Anywise-Website/.superpowers/brainstorm/26047-1774992435/content/product-page-layout.html"}
{"type":"screen-updated","file":"/Users/chrisdennis/Documents/GitHub/Anywise-Website/.superpowers/brainstorm/26047-1774992435/content/product-page-layout.html"}
{"type":"screen-added","file":"/Users/chrisdennis/Documents/GitHub/Anywise-Website/.superpowers/brainstorm/26047-1774992435/content/product-page-density.html"}
{"type":"screen-updated","file":"/Users/chrisdennis/Documents/GitHub/Anywise-Website/.superpowers/brainstorm/26047-1774992435/content/product-page-density.html"}
{"type":"screen-updated","file":"/Users/chrisdennis/Documents/GitHub/Anywise-Website/.superpowers/brainstorm/26047-1774992435/content/product-page-density.html"}
{"type":"screen-updated","file":"/Users/chrisdennis/Documents/GitHub/Anywise-Website/.superpowers/brainstorm/26047-1774992435/content/product-page-density.html"}
{"type":"screen-updated","file":"/Users/chrisdennis/Documents/GitHub/Anywise-Website/.superpowers/brainstorm/26047-1774992435/content/product-page-density.html"}
{"type":"screen-added","file":"/Users/chrisdennis/Documents/GitHub/Anywise-Website/.superpowers/brainstorm/26047-1774992435/content/product-page-fullscreen.html"}
{"type":"screen-updated","file":"/Users/chrisdennis/Documents/GitHub/Anywise-Website/.superpowers/brainstorm/26047-1774992435/content/product-page-fullscreen.html"}
{"type":"screen-updated","file":"/Users/chrisdennis/Documents/GitHub/Anywise-Website/.superpowers/brainstorm/26047-1774992435/content/product-page-fullscreen.html"}
{"type":"screen-added","file":"/Users/chrisdennis/Documents/GitHub/Anywise-Website/.superpowers/brainstorm/26047-1774992435/content/engage-modal.html"}
{"type":"screen-updated","file":"/Users/chrisdennis/Documents/GitHub/Anywise-Website/.superpowers/brainstorm/26047-1774992435/content/engage-modal.html"}
{"type":"screen-updated","file":"/Users/chrisdennis/Documents/GitHub/Anywise-Website/.superpowers/brainstorm/26047-1774992435/content/engage-modal.html"}
{"type":"screen-updated","file":"/Users/chrisdennis/Documents/GitHub/Anywise-Website/.superpowers/brainstorm/26047-1774992435/content/engage-modal.html"}
{"type":"screen-added","file":"/Users/chrisdennis/Documents/GitHub/Anywise-Website/.superpowers/brainstorm/26047-1774992435/content/waiting.html"}
{"type":"screen-updated","file":"/Users/chrisdennis/Documents/GitHub/Anywise-Website/.superpowers/brainstorm/26047-1774992435/content/waiting.html"}
{"type":"screen-updated","file":"/Users/chrisdennis/Documents/GitHub/Anywise-Website/.superpowers/brainstorm/26047-1774992435/content/waiting.html"}
{"type":"screen-updated","file":"/Users/chrisdennis/Documents/GitHub/Anywise-Website/.superpowers/brainstorm/26047-1774992435/content/waiting.html"}
{"type":"server-stopped","reason":"idle timeout"}
