{"type":"server-started","port":53168,"host":"127.0.0.1","url_host":"localhost","url":"http://localhost:53168","screen_dir":"/Users/chrisdennis/Documents/GitHub/Anywise-Website/.superpowers/brainstorm/72651-1774911149/content","state_dir":"/Users/chrisdennis/Documents/GitHub/Anywise-Website/.superpowers/brainstorm/72651-1774911149/state"}
{"type":"screen-added","file":"/Users/chrisdennis/Documents/GitHub/Anywise-Website/.superpowers/brainstorm/72651-1774911149/content/connection-test.html"}
{"type":"screen-updated","file":"/Users/chrisdennis/Documents/GitHub/Anywise-Website/.superpowers/brainstorm/72651-1774911149/content/connection-test.html"}
{"type":"screen-updated","file":"/Users/chrisdennis/Documents/GitHub/Anywise-Website/.superpowers/brainstorm/72651-1774911149/content/connection-test.html"}
{"type":"screen-updated","file":"/Users/chrisdennis/Documents/GitHub/Anywise-Website/.superpowers/brainstorm/72651-1774911149/content/connection-test.html"}
{"type":"screen-added","file":"/Users/chrisdennis/Documents/GitHub/Anywise-Website/.superpowers/brainstorm/72651-1774911149/content/scope-question.html"}
{"type":"screen-updated","file":"/Users/chrisdennis/Documents/GitHub/Anywise-Website/.superpowers/brainstorm/72651-1774911149/content/scope-question.html"}
{"type":"screen-updated","file":"/Users/chrisdennis/Documents/GitHub/Anywise-Website/.superpowers/brainstorm/72651-1774911149/content/scope-question.html"}
{"type":"screen-updated","file":"/Users/chrisdennis/Documents/GitHub/Anywise-Website/.superpowers/brainstorm/72651-1774911149/content/scope-question.html"}
{"source":"user-event","type":"click","text":"A\n    \n      One Combined Plan\n      All 5 issues in a single plan. Simpler to track, implement in one pass. Makes sense since the visual changes (1-4) are interrelated and the meta tags (5) are quick to add.","choice":"combined","id":null,"timestamp":1774911557550}
{"type":"screen-added","file":"/Users/chrisdennis/Documents/GitHub/Anywise-Website/.superpowers/brainstorm/72651-1774911149/content/font-options.html"}
{"type":"screen-updated","file":"/Users/chrisdennis/Documents/GitHub/Anywise-Website/.superpowers/brainstorm/72651-1774911149/content/font-options.html"}
{"type":"screen-updated","file":"/Users/chrisdennis/Documents/GitHub/Anywise-Website/.superpowers/brainstorm/72651-1774911149/content/font-options.html"}
{"type":"screen-updated","file":"/Users/chrisdennis/Documents/GitHub/Anywise-Website/.superpowers/brainstorm/72651-1774911149/content/font-options.html"}
{"source":"user-event","type":"click","text":"Decision augmentation,ethically engineered.\n        We mobilise high-performing teams to solve your most complex capability challenges.\n        \n          Engage Us\n          Capabilities\n        \n      \n    \n    \n      A. General Sans\n      Geometric, clean, modern. Slightly warmer than Inter with more character in the 'a' and 'g'. Free on Fontshare. Recommended — professional authority without being generic.","choice":"general-sans","id":null,"timestamp":1774911741809}
{"source":"user-event","type":"click","text":"Decision augmentation,ethically engineered.\n        We mobilise high-performing teams to solve your most complex capability challenges.\n        \n          Engage Us\n          Capabilities\n        \n      \n    \n    \n      A. General Sans\n      Geometric, clean, modern. Slightly warmer than Inter with more character in the 'a' and 'g'. Free on Fontshare. Recommended — professional authority without being generic.","choice":"general-sans","id":null,"timestamp":1774911753141}
{"source":"user-event","type":"click","text":"Decision augmentation,ethically engineered.\n        We mobilise high-performing teams to solve your most complex capability challenges.\n        \n          Engage Us\n          Capabilities\n        \n      \n    \n    \n      A. General Sans\n      Geometric, clean, modern. Slightly warmer than Inter with more character in the 'a' and 'g'. Free on Fontshare. Recommended — professional authority without being generic.","choice":"general-sans","id":null,"timestamp":1774911753741}
{"source":"user-event","type":"click","text":"Decision augmentation,ethically engineered.\n        We mobilise high-performing teams to solve your most complex capability challenges.\n        \n          Engage Us\n          Capabilities\n        \n      \n    \n    \n      A. General Sans\n      Geometric, clean, modern. Slightly warmer than Inter with more character in the 'a' and 'g'. Free on Fontshare. Recommended — professional authority without being generic.","choice":"general-sans","id":null,"timestamp":1774911754123}
{"source":"user-event","type":"click","text":"Decision augmentation,ethically engineered.\n        We mobilise high-performing teams to solve your most complex capability challenges.\n        \n          Engage Us\n          Capabilities\n        \n      \n    \n    \n      A. General Sans\n      Geometric, clean, modern. Slightly warmer than Inter with more character in the 'a' and 'g'. Free on Fontshare. Recommended — professional authority without being generic.","choice":"general-sans","id":null,"timestamp":1774911755174}
{"source":"user-event","type":"click","text":"Decision augmentation,ethically engineered.\n        We mobilise high-performing teams to solve your most complex capability challenges.\n        \n          Engage Us\n          Capabilities\n        \n      \n    \n    \n      B. Satoshi\n      Neo-grotesque with personality. The Black (900) weight is punchy for headlines. Slightly rounder, more approachable while still professional. Free on Fontshare.","choice":"satoshi","id":null,"timestamp":1774911756407}
{"source":"user-event","type":"click","text":"Decision augmentation,ethically engineered.\n        We mobilise high-performing teams to solve your most complex capability challenges.\n        \n          Engage Us\n          Capabilities\n        \n      \n    \n    \n      A. General Sans\n      Geometric, clean, modern. Slightly warmer than Inter with more character in the 'a' and 'g'. Free on Fontshare. Recommended — professional authority without being generic.","choice":"general-sans","id":null,"timestamp":1774911756826}
{"type":"screen-added","file":"/Users/chrisdennis/Documents/GitHub/Anywise-Website/.superpowers/brainstorm/72651-1774911149/content/gradient-restraint.html"}
{"type":"screen-updated","file":"/Users/chrisdennis/Documents/GitHub/Anywise-Website/.superpowers/brainstorm/72651-1774911149/content/gradient-restraint.html"}
{"type":"screen-updated","file":"/Users/chrisdennis/Documents/GitHub/Anywise-Website/.superpowers/brainstorm/72651-1774911149/content/gradient-restraint.html"}
{"type":"screen-updated","file":"/Users/chrisdennis/Documents/GitHub/Anywise-Website/.superpowers/brainstorm/72651-1774911149/content/gradient-restraint.html"}
{"source":"user-event","type":"click","text":"B\n    \n      Hero + Purpose Statement (Recommended)\n      Gradient on \"ethically engineered.\" and \"positive impact\" — the two key brand statements. Stats, team heading, nav brand, product highlights all switch to solid #39a849. Two gradient moments creates a rhythm without diluting.","choice":"hero-plus-purpose","id":null,"timestamp":1774912126899}
{"type":"screen-added","file":"/Users/chrisdennis/Documents/GitHub/Anywise-Website/.superpowers/brainstorm/72651-1774911149/content/card-variation.html"}
{"type":"screen-updated","file":"/Users/chrisdennis/Documents/GitHub/Anywise-Website/.superpowers/brainstorm/72651-1774911149/content/card-variation.html"}
{"type":"screen-updated","file":"/Users/chrisdennis/Documents/GitHub/Anywise-Website/.superpowers/brainstorm/72651-1774911149/content/card-variation.html"}
{"type":"screen-updated","file":"/Users/chrisdennis/Documents/GitHub/Anywise-Website/.superpowers/brainstorm/72651-1774911149/content/card-variation.html"}
{"type":"screen-updated","file":"/Users/chrisdennis/Documents/GitHub/Anywise-Website/.superpowers/brainstorm/72651-1774911149/content/card-variation.html"}
{"source":"user-event","type":"click","text":"A\n    \n      Approve All 3 Changes\n      Values to inline text, Approach features to numbered list, Track stats to inline row. Keep Capabilities, Products, and News cards as-is.","choice":"approve-all","id":null,"timestamp":1774912823154}
{"type":"screen-added","file":"/Users/chrisdennis/Documents/GitHub/Anywise-Website/.superpowers/brainstorm/72651-1774911149/content/hover-diversity.html"}
{"type":"screen-updated","file":"/Users/chrisdennis/Documents/GitHub/Anywise-Website/.superpowers/brainstorm/72651-1774911149/content/hover-diversity.html"}
{"type":"screen-updated","file":"/Users/chrisdennis/Documents/GitHub/Anywise-Website/.superpowers/brainstorm/72651-1774911149/content/hover-diversity.html"}
{"type":"screen-updated","file":"/Users/chrisdennis/Documents/GitHub/Anywise-Website/.superpowers/brainstorm/72651-1774911149/content/hover-diversity.html"}
{"type":"screen-updated","file":"/Users/chrisdennis/Documents/GitHub/Anywise-Website/.superpowers/brainstorm/72651-1774911149/content/hover-diversity.html"}
{"source":"user-event","type":"click","text":"A\n    \n      Approve All Hover Changes\n      Each section gets its own interaction personality. Less movement overall, more intentional where it remains.","choice":"approve-hover","id":null,"timestamp":1774912952898}
{"type":"screen-added","file":"/Users/chrisdennis/Documents/GitHub/Anywise-Website/.superpowers/brainstorm/72651-1774911149/content/full-design-summary.html"}
{"type":"screen-updated","file":"/Users/chrisdennis/Documents/GitHub/Anywise-Website/.superpowers/brainstorm/72651-1774911149/content/full-design-summary.html"}
{"type":"screen-updated","file":"/Users/chrisdennis/Documents/GitHub/Anywise-Website/.superpowers/brainstorm/72651-1774911149/content/full-design-summary.html"}
{"type":"screen-updated","file":"/Users/chrisdennis/Documents/GitHub/Anywise-Website/.superpowers/brainstorm/72651-1774911149/content/full-design-summary.html"}
{"source":"user-event","type":"click","text":"A\n    \n      Approve — Write the Spec\n      All 5 fixes look good. Write the design spec document and prepare for implementation planning.","choice":"approve-design","id":null,"timestamp":1774913168370}
{"type":"screen-added","file":"/Users/chrisdennis/Documents/GitHub/Anywise-Website/.superpowers/brainstorm/72651-1774911149/content/waiting.html"}
{"type":"screen-updated","file":"/Users/chrisdennis/Documents/GitHub/Anywise-Website/.superpowers/brainstorm/72651-1774911149/content/waiting.html"}
{"type":"screen-updated","file":"/Users/chrisdennis/Documents/GitHub/Anywise-Website/.superpowers/brainstorm/72651-1774911149/content/waiting.html"}
{"type":"screen-updated","file":"/Users/chrisdennis/Documents/GitHub/Anywise-Website/.superpowers/brainstorm/72651-1774911149/content/waiting.html"}
{"type":"screen-updated","file":"/Users/chrisdennis/Documents/GitHub/Anywise-Website/.superpowers/brainstorm/72651-1774911149/content/waiting.html"}
{"type":"server-stopped","reason":"idle timeout"}
